<?xml version="1.0" encoding="UTF-8"?>
<testng-results skipped="0" failed="0" ignored="2" total="3" passed="1">
  <reporter-output>
  </reporter-output>
  <suite name="Default suite" duration-ms="43540" started-at="2018-07-19T11:17:35Z" finished-at="2018-07-19T11:18:19Z">
    <groups>
    </groups>
    <test name="Default test" duration-ms="43540" started-at="2018-07-19T11:17:35Z" finished-at="2018-07-19T11:18:19Z">
      <class name="com.crm.qa.testcases.HomePageTest">
        <test-method status="PASS" signature="setUp()[pri:0, instance:com.crm.qa.testcases.HomePageTest@4f7d0008]" name="setUp" is-config="true" duration-ms="40002" started-at="2018-07-19T16:47:35Z" finished-at="2018-07-19T16:48:15Z">
          <reporter-output>
          </reporter-output>
        </test-method> <!-- setUp -->
        <test-method status="PASS" signature="verifyContactsLinkTest()[pri:3, instance:com.crm.qa.testcases.HomePageTest@4f7d0008]" name="verifyContactsLinkTest" duration-ms="2659" started-at="2018-07-19T16:48:15Z" finished-at="2018-07-19T16:48:18Z">
          <reporter-output>
          </reporter-output>
        </test-method> <!-- verifyContactsLinkTest -->
        <test-method status="PASS" signature="tearDown()[pri:0, instance:com.crm.qa.testcases.HomePageTest@4f7d0008]" name="tearDown" is-config="true" duration-ms="840" started-at="2018-07-19T16:48:18Z" finished-at="2018-07-19T16:48:19Z">
          <reporter-output>
          </reporter-output>
        </test-method> <!-- tearDown -->
      </class> <!-- com.crm.qa.testcases.HomePageTest -->
    </test> <!-- Default test -->
  </suite> <!-- Default suite -->
</testng-results>
